Started by user mjpraino
Running in Durability level: MAX_SURVIVABILITY
[Pipeline] Start of Pipeline
[Pipeline] node
Running on Jenkins in C:\Program Files (x86)\Jenkins\workspace\docker-test
[Pipeline] {
[Pipeline] withEnv
[Pipeline] {
[Pipeline] stage
[Pipeline] { (Cloning Git)
[Pipeline] git
No credentials specified
 > git.exe rev-parse --is-inside-work-tree # timeout=10
Fetching changes from the remote Git repository
 > git.exe config remote.origin.url https://github.com/mjpraino/Udacity-Project5 # timeout=10
Fetching upstream changes from https://github.com/mjpraino/Udacity-Project5
 > git.exe --version # timeout=10
 > git.exe fetch --tags --force --progress -- https://github.com/mjpraino/Udacity-Project5 +refs/heads/*:refs/remotes/origin/* # timeout=10
 > git.exe rev-parse "refs/remotes/origin/master^{commit}" # timeout=10
 > git.exe rev-parse "refs/remotes/origin/origin/master^{commit}" # timeout=10
Checking out Revision 4660c25f5170b00655b2e11ccd4e1556f9291d22 (refs/remotes/origin/master)
 > git.exe config core.sparsecheckout # timeout=10
 > git.exe checkout -f 4660c25f5170b00655b2e11ccd4e1556f9291d22 # timeout=10
 > git.exe branch -a -v --no-abbrev # timeout=10
 > git.exe branch -D master # timeout=10
 > git.exe checkout -b master 4660c25f5170b00655b2e11ccd4e1556f9291d22 # timeout=10
Commit message: ""Fixed Jenkinfile format""
 > git.exe rev-list --no-walk 4660c25f5170b00655b2e11ccd4e1556f9291d22 # timeout=10
[Pipeline] }
[Pipeline] // stage
[Pipeline] stage
[Pipeline] { (Building image)
[Pipeline] script
[Pipeline] {
[Pipeline] isUnix
[Pipeline] bat

C:\Program Files (x86)\Jenkins\workspace\docker-test>docker build -t mjpraino/docker-test:5 . 
Sending build context to Docker daemon  1.175MB

Step 1/6 : FROM python:3.7.3-stretch
3.7.3-stretch: Pulling from library/python
6f2f362378c5: Pulling fs layer
494c27a8a6b8: Pulling fs layer
7596bb83081b: Pulling fs layer
372744b62d49: Pulling fs layer
615db220d76c: Pulling fs layer
39aa0c89bda1: Pulling fs layer
ac275157d894: Pulling fs layer
98d16dec829a: Pulling fs layer
c8514b1c6524: Pulling fs layer
372744b62d49: Waiting
615db220d76c: Waiting
39aa0c89bda1: Waiting
ac275157d894: Waiting
98d16dec829a: Waiting
c8514b1c6524: Waiting
7596bb83081b: Verifying Checksum
7596bb83081b: Download complete
494c27a8a6b8: Verifying Checksum
494c27a8a6b8: Download complete
372744b62d49: Verifying Checksum
372744b62d49: Download complete
39aa0c89bda1: Verifying Checksum
39aa0c89bda1: Download complete
ac275157d894: Verifying Checksum
ac275157d894: Download complete
98d16dec829a: Verifying Checksum
98d16dec829a: Download complete
c8514b1c6524: Download complete
6f2f362378c5: Verifying Checksum
6f2f362378c5: Download complete
6f2f362378c5: Pull complete
494c27a8a6b8: Pull complete
7596bb83081b: Pull complete
372744b62d49: Pull complete
615db220d76c: Verifying Checksum
615db220d76c: Download complete
615db220d76c: Pull complete
39aa0c89bda1: Pull complete
ac275157d894: Pull complete
98d16dec829a: Pull complete
c8514b1c6524: Pull complete
Digest: sha256:205cafadbb7f0c48f2a6d655eb100a9675aa85e6e73958860f488406cce09779
Status: Downloaded newer image for python:3.7.3-stretch
 ---> 34a518642c76
Step 2/6 : WORKDIR /app
 ---> Running in c8a725cc5402
Removing intermediate container c8a725cc5402
 ---> 85af10c12a03
Step 3/6 : COPY . app.py /app/
 ---> 817f60e2e1df
Step 4/6 : RUN pip install --upgrade pip &&    pip install --trusted-host pypi.python.org -r requirements.txt
 ---> Running in f8f723adf7bc
Collecting pip
  Downloading https://files.pythonhosted.org/packages/00/b6/9cfa56b4081ad13874b0c6f96af8ce16cfbc1cb06bedf8e9164ce5551ec1/pip-19.3.1-py2.py3-none-any.whl (1.4MB)
Installing collected packages: pip
  Found existing installation: pip 19.1.1
    Uninstalling pip-19.1.1:
      Successfully uninstalled pip-19.1.1
Successfully installed pip-19.3.1
Collecting Flask
  Downloading https://files.pythonhosted.org/packages/9b/93/628509b8d5dc749656a9641f4caf13540e2cdec85276964ff8f43bbb1d3b/Flask-1.1.1-py2.py3-none-any.whl (94kB)
Collecting numpy
  Downloading https://files.pythonhosted.org/packages/63/0c/0261693cc3ad8e2b66e66dc2d2676a2cc17d3efb1c58a70db73754320e47/numpy-1.18.1-cp37-cp37m-manylinux1_x86_64.whl (20.1MB)
Collecting pandas
  Downloading https://files.pythonhosted.org/packages/63/e0/a1b39cdcb2c391f087a1538bc8a6d62a82d0439693192aef541d7b123769/pandas-0.25.3-cp37-cp37m-manylinux1_x86_64.whl (10.4MB)
Collecting scikit-learn
  Downloading https://files.pythonhosted.org/packages/73/db/7d8204ddba84ab5d1e4fd1af8f82bbe39c589488bee71e45c662f4144010/scikit_learn-0.22.1-cp37-cp37m-manylinux1_x86_64.whl (7.0MB)
Collecting pylint
  Downloading https://files.pythonhosted.org/packages/e9/59/43fc36c5ee316bb9aeb7cf5329cdbdca89e5749c34d5602753827c0aa2dc/pylint-2.4.4-py3-none-any.whl (302kB)
Collecting click>=5.1
  Downloading https://files.pythonhosted.org/packages/fa/37/45185cb5abbc30d7257104c434fe0b07e5a195a6847506c074527aa599ec/Click-7.0-py2.py3-none-any.whl (81kB)
Collecting itsdangerous>=0.24
  Downloading https://files.pythonhosted.org/packages/76/ae/44b03b253d6fade317f32c24d100b3b35c2239807046a4c953c7b89fa49e/itsdangerous-1.1.0-py2.py3-none-any.whl
Collecting Jinja2>=2.10.1
  Downloading https://files.pythonhosted.org/packages/65/e0/eb35e762802015cab1ccee04e8a277b03f1d8e53da3ec3106882ec42558b/Jinja2-2.10.3-py2.py3-none-any.whl (125kB)
Collecting Werkzeug>=0.15
  Downloading https://files.pythonhosted.org/packages/ce/42/3aeda98f96e85fd26180534d36570e4d18108d62ae36f87694b476b83d6f/Werkzeug-0.16.0-py2.py3-none-any.whl (327kB)
Collecting python-dateutil>=2.6.1
  Downloading https://files.pythonhosted.org/packages/d4/70/d60450c3dd48ef87586924207ae8907090de0b306af2bce5d134d78615cb/python_dateutil-2.8.1-py2.py3-none-any.whl (227kB)
Collecting pytz>=2017.2
  Downloading https://files.pythonhosted.org/packages/e7/f9/f0b53f88060247251bf481fa6ea62cd0d25bf1b11a87888e53ce5b7c8ad2/pytz-2019.3-py2.py3-none-any.whl (509kB)
Collecting scipy>=0.17.0
  Downloading https://files.pythonhosted.org/packages/dd/82/c1fe128f3526b128cfd185580ba40d01371c5d299fcf7f77968e22dfcc2e/scipy-1.4.1-cp37-cp37m-manylinux1_x86_64.whl (26.1MB)
Collecting joblib>=0.11
  Downloading https://files.pythonhosted.org/packages/28/5c/cf6a2b65a321c4a209efcdf64c2689efae2cb62661f8f6f4bb28547cf1bf/joblib-0.14.1-py2.py3-none-any.whl (294kB)
Collecting isort<5,>=4.2.5
  Downloading https://files.pythonhosted.org/packages/e5/b0/c121fd1fa3419ea9bfd55c7f9c4fedfec5143208d8c7ad3ce3db6c623c21/isort-4.3.21-py2.py3-none-any.whl (42kB)
Collecting astroid<2.4,>=2.3.0
  Downloading https://files.pythonhosted.org/packages/ad/ae/86734823047962e7b8c8529186a1ac4a7ca19aaf1aa0c7713c022ef593fd/astroid-2.3.3-py3-none-any.whl (205kB)
Collecting mccabe<0.7,>=0.6
  Downloading https://files.pythonhosted.org/packages/87/89/479dc97e18549e21354893e4ee4ef36db1d237534982482c3681ee6e7b57/mccabe-0.6.1-py2.py3-none-any.whl
Collecting MarkupSafe>=0.23
  Downloading https://files.pythonhosted.org/packages/98/7b/ff284bd8c80654e471b769062a9b43cc5d03e7a615048d96f4619df8d420/MarkupSafe-1.1.1-cp37-cp37m-manylinux1_x86_64.whl
Collecting six>=1.5
  Downloading https://files.pythonhosted.org/packages/65/eb/1f97cb97bfc2390a276969c6fae16075da282f5058082d4cb10c6c5c1dba/six-1.14.0-py2.py3-none-any.whl
Collecting typed-ast<1.5,>=1.4.0; implementation_name == "cpython" and python_version < "3.8"
  Downloading https://files.pythonhosted.org/packages/5d/10/0c1e8aa723a2b0c4032e048d8e511df82c8a1262f0e1df5e4c54eb2613e9/typed_ast-1.4.1-cp37-cp37m-manylinux1_x86_64.whl (737kB)
Collecting wrapt==1.11.*
  Downloading https://files.pythonhosted.org/packages/23/84/323c2415280bc4fc880ac5050dddfb3c8062c2552b34c2e512eb4aa68f79/wrapt-1.11.2.tar.gz
Collecting lazy-object-proxy==1.4.*
  Downloading https://files.pythonhosted.org/packages/23/f8/69df5a663b59512eb9f9b84e7f203c48c7a933e460316e9ebf4db2871ae0/lazy_object_proxy-1.4.3-cp37-cp37m-manylinux1_x86_64.whl (56kB)
Building wheels for collected packages: wrapt
  Building wheel for wrapt (setup.py): started
  Building wheel for wrapt (setup.py): finished with status 'done'
  Created wheel for wrapt: filename=wrapt-1.11.2-cp37-cp37m-linux_x86_64.whl size=71299 sha256=d6b0dd25030efbcfdd460b7b440076cb5ade97027e9f6ed71d760cf19ec33562
  Stored in directory: /root/.cache/pip/wheels/d7/de/2e/efa132238792efb6459a96e85916ef8597fcb3d2ae51590dfd
Successfully built wrapt
Installing collected packages: click, itsdangerous, MarkupSafe, Jinja2, Werkzeug, Flask, numpy, six, python-dateutil, pytz, pandas, scipy, joblib, scikit-learn, isort, typed-ast, wrapt, lazy-object-proxy, astroid, mccabe, pylint
Successfully installed Flask-1.1.1 Jinja2-2.10.3 MarkupSafe-1.1.1 Werkzeug-0.16.0 astroid-2.3.3 click-7.0 isort-4.3.21 itsdangerous-1.1.0 joblib-0.14.1 lazy-object-proxy-1.4.3 mccabe-0.6.1 numpy-1.18.1 pandas-0.25.3 pylint-2.4.4 python-dateutil-2.8.1 pytz-2019.3 scikit-learn-0.22.1 scipy-1.4.1 six-1.14.0 typed-ast-1.4.1 wrapt-1.11.2
Removing intermediate container f8f723adf7bc
 ---> b475ce84633e
Step 5/6 : EXPOSE 80
 ---> Running in f9fcb5611b24
Removing intermediate container f9fcb5611b24
 ---> b13ec2fa4d3b
Step 6/6 : CMD ["python", "app.py"]
 ---> Running in f0c82cf7de11
Removing intermediate container f0c82cf7de11
 ---> 1c3effd84ccd
Successfully built 1c3effd84ccd
Successfully tagged mjpraino/docker-test:5
SECURITY WARNING: You are building a Docker image from Windows against a non-Windows Docker host. All files and directories added to build context will have '-rwxr-xr-x' permissions. It is recommended to double check and reset permissions for sensitive files and directories.
[Pipeline] }
[Pipeline] // script
[Pipeline] }
[Pipeline] // stage
[Pipeline] stage
[Pipeline] { (Deploy Image)
[Pipeline] script
[Pipeline] {
[Pipeline] withEnv
[Pipeline] {
[Pipeline] withDockerRegistry
$ docker login -u mjpraino -p ******** https://index.docker.io/v1/
WARNING! Using --password via the CLI is insecure. Use --password-stdin.
Login Succeeded
[Pipeline] {
[Pipeline] isUnix
[Pipeline] bat

C:\Program Files (x86)\Jenkins\workspace\docker-test>docker tag mjpraino/docker-test:5 mjpraino/docker-test:5 
[Pipeline] isUnix
[Pipeline] bat

C:\Program Files (x86)\Jenkins\workspace\docker-test>docker push mjpraino/docker-test:5 
The push refers to repository [docker.io/mjpraino/docker-test]
0c4ad87e161e: Preparing
09b19a69863d: Preparing
cee8b566c165: Preparing
799a7872c8c7: Preparing
715450468940: Preparing
c9d608035aef: Preparing
bb9c02680a15: Preparing
a637c551a0da: Preparing
2c8d31157b81: Preparing
7b76d801397d: Preparing
f32868cde90b: Preparing
0db06dff9d9a: Preparing
c9d608035aef: Waiting
bb9c02680a15: Waiting
a637c551a0da: Waiting
2c8d31157b81: Waiting
7b76d801397d: Waiting
f32868cde90b: Waiting
0db06dff9d9a: Waiting
715450468940: Mounted from library/python
799a7872c8c7: Mounted from library/python
c9d608035aef: Mounted from library/python
bb9c02680a15: Mounted from library/python
cee8b566c165: Pushed
a637c551a0da: Mounted from library/python
2c8d31157b81: Mounted from library/python
09b19a69863d: Pushed
7b76d801397d: Mounted from library/python
0db06dff9d9a: Mounted from library/python
f32868cde90b: Mounted from library/python
0c4ad87e161e: Pushed
5: digest: sha256:2d50bd995ea4210693b077756b528862633ea31c65899f7007fd4f18a9e009a9 size: 2847
[Pipeline] }
[Pipeline] // withDockerRegistry
[Pipeline] }
[Pipeline] // withEnv
[Pipeline] }
[Pipeline] // script
[Pipeline] }
[Pipeline] // stage
[Pipeline] stage
[Pipeline] { (Remove Unused docker image)
[Pipeline] sh
[Pipeline] }
[Pipeline] // stage
[Pipeline] }
[Pipeline] // withEnv
[Pipeline] }
[Pipeline] // node
[Pipeline] End of Pipeline
java.io.IOException: CreateProcess error=2, The system cannot find the file specified
	at java.lang.ProcessImpl.create(Native Method)
	at java.lang.ProcessImpl.<init>(Unknown Source)
	at java.lang.ProcessImpl.start(Unknown Source)
	at java.lang.ProcessBuilder.start(Unknown Source)
	at hudson.Proc$LocalProc.<init>(Proc.java:250)
	at hudson.Proc$LocalProc.<init>(Proc.java:219)
	at hudson.Launcher$LocalLauncher.launch(Launcher.java:937)
	at hudson.Launcher$ProcStarter.start(Launcher.java:455)
	at org.jenkinsci.plugins.durabletask.BourneShellScript.launchWithCookie(BourneShellScript.java:233)
	at org.jenkinsci.plugins.durabletask.FileMonitoringTask.launch(FileMonitoringTask.java:99)
	at org.jenkinsci.plugins.workflow.steps.durable_task.DurableTaskStep$Execution.start(DurableTaskStep.java:317)
	at org.jenkinsci.plugins.workflow.cps.DSL.invokeStep(DSL.java:286)
	at org.jenkinsci.plugins.workflow.cps.DSL.invokeMethod(DSL.java:179)
	at org.jenkinsci.plugins.workflow.cps.CpsScript.invokeMethod(CpsScript.java:122)
	at sun.reflect.NativeMethodAccessorImpl.invoke0(Native Method)
	at sun.reflect.NativeMethodAccessorImpl.invoke(Unknown Source)
	at sun.reflect.DelegatingMethodAccessorImpl.invoke(Unknown Source)
	at java.lang.reflect.Method.invoke(Unknown Source)
	at org.codehaus.groovy.reflection.CachedMethod.invoke(CachedMethod.java:93)
	at groovy.lang.MetaMethod.doMethodInvoke(MetaMethod.java:325)
	at groovy.lang.MetaClassImpl.invokeMethod(MetaClassImpl.java:1213)
	at groovy.lang.MetaClassImpl.invokeMethod(MetaClassImpl.java:1022)
	at org.codehaus.groovy.runtime.callsite.PogoMetaClassSite.call(PogoMetaClassSite.java:42)
	at org.codehaus.groovy.runtime.callsite.CallSiteArray.defaultCall(CallSiteArray.java:48)
	at org.codehaus.groovy.runtime.callsite.AbstractCallSite.call(AbstractCallSite.java:113)
	at org.kohsuke.groovy.sandbox.impl.Checker$1.call(Checker.java:160)
	at org.kohsuke.groovy.sandbox.GroovyInterceptor.onMethodCall(GroovyInterceptor.java:23)
	at org.jenkinsci.plugins.scriptsecurity.sandbox.groovy.SandboxInterceptor.onMethodCall(SandboxInterceptor.java:157)
	at org.kohsuke.groovy.sandbox.impl.Checker$1.call(Checker.java:158)
	at org.kohsuke.groovy.sandbox.impl.Checker.checkedCall(Checker.java:162)
	at org.kohsuke.groovy.sandbox.impl.Checker.checkedCall(Checker.java:132)
	at com.cloudbees.groovy.cps.sandbox.SandboxInvoker.methodCall(SandboxInvoker.java:17)
Caused: java.io.IOException: Cannot run program "nohup" (in directory "C:\Program Files (x86)\Jenkins\workspace\docker-test"): CreateProcess error=2, The system cannot find the file specified
	at java.lang.ProcessBuilder.start(Unknown Source)
	at hudson.Proc$LocalProc.<init>(Proc.java:250)
	at hudson.Proc$LocalProc.<init>(Proc.java:219)
	at hudson.Launcher$LocalLauncher.launch(Launcher.java:937)
	at hudson.Launcher$ProcStarter.start(Launcher.java:455)
	at org.jenkinsci.plugins.durabletask.BourneShellScript.launchWithCookie(BourneShellScript.java:233)
	at org.jenkinsci.plugins.durabletask.FileMonitoringTask.launch(FileMonitoringTask.java:99)
	at org.jenkinsci.plugins.workflow.steps.durable_task.DurableTaskStep$Execution.start(DurableTaskStep.java:317)
	at org.jenkinsci.plugins.workflow.cps.DSL.invokeStep(DSL.java:286)
	at org.jenkinsci.plugins.workflow.cps.DSL.invokeMethod(DSL.java:179)
	at org.jenkinsci.plugins.workflow.cps.CpsScript.invokeMethod(CpsScript.java:122)
	at sun.reflect.NativeMethodAccessorImpl.invoke0(Native Method)
	at sun.reflect.NativeMethodAccessorImpl.invoke(Unknown Source)
	at sun.reflect.DelegatingMethodAccessorImpl.invoke(Unknown Source)
	at java.lang.reflect.Method.invoke(Unknown Source)
	at org.codehaus.groovy.reflection.CachedMethod.invoke(CachedMethod.java:93)
	at groovy.lang.MetaMethod.doMethodInvoke(MetaMethod.java:325)
	at groovy.lang.MetaClassImpl.invokeMethod(MetaClassImpl.java:1213)
	at groovy.lang.MetaClassImpl.invokeMethod(MetaClassImpl.java:1022)
	at org.codehaus.groovy.runtime.callsite.PogoMetaClassSite.call(PogoMetaClassSite.java:42)
	at org.codehaus.groovy.runtime.callsite.CallSiteArray.defaultCall(CallSiteArray.java:48)
	at org.codehaus.groovy.runtime.callsite.AbstractCallSite.call(AbstractCallSite.java:113)
	at org.kohsuke.groovy.sandbox.impl.Checker$1.call(Checker.java:160)
	at org.kohsuke.groovy.sandbox.GroovyInterceptor.onMethodCall(GroovyInterceptor.java:23)
	at org.jenkinsci.plugins.scriptsecurity.sandbox.groovy.SandboxInterceptor.onMethodCall(SandboxInterceptor.java:157)
	at org.kohsuke.groovy.sandbox.impl.Checker$1.call(Checker.java:158)
	at org.kohsuke.groovy.sandbox.impl.Checker.checkedCall(Checker.java:162)
	at org.kohsuke.groovy.sandbox.impl.Checker.checkedCall(Checker.java:132)
	at com.cloudbees.groovy.cps.sandbox.SandboxInvoker.methodCall(SandboxInvoker.java:17)
	at WorkflowScript.run(WorkflowScript:32)
	at org.jenkinsci.plugins.pipeline.modeldefinition.ModelInterpreter.delegateAndExecute(ModelInterpreter.groovy:140)
	at org.jenkinsci.plugins.pipeline.modeldefinition.ModelInterpreter.executeSingleStage(ModelInterpreter.groovy:663)
	at org.jenkinsci.plugins.pipeline.modeldefinition.ModelInterpreter.catchRequiredContextForNode(ModelInterpreter.groovy:398)
	at org.jenkinsci.plugins.pipeline.modeldefinition.ModelInterpreter.catchRequiredContextForNode(ModelInterpreter.groovy:396)
	at org.jenkinsci.plugins.pipeline.modeldefinition.ModelInterpreter.executeSingleStage(ModelInterpreter.groovy:662)
	at org.jenkinsci.plugins.pipeline.modeldefinition.ModelInterpreter.evaluateStage(ModelInterpreter.groovy:291)
	at org.jenkinsci.plugins.pipeline.modeldefinition.ModelInterpreter.toolsBlock(ModelInterpreter.groovy:547)
	at org.jenkinsci.plugins.pipeline.modeldefinition.ModelInterpreter.toolsBlock(ModelInterpreter.groovy:546)
	at org.jenkinsci.plugins.pipeline.modeldefinition.ModelInterpreter.evaluateStage(ModelInterpreter.groovy:279)
	at org.jenkinsci.plugins.pipeline.modeldefinition.ModelInterpreter.withEnvBlock(ModelInterpreter.groovy:446)
	at org.jenkinsci.plugins.pipeline.modeldefinition.ModelInterpreter.withEnvBlock(ModelInterpreter.groovy:445)
	at org.jenkinsci.plugins.pipeline.modeldefinition.ModelInterpreter.evaluateStage(ModelInterpreter.groovy:278)
	at org.jenkinsci.plugins.pipeline.modeldefinition.ModelInterpreter.withCredentialsBlock(ModelInterpreter.groovy:484)
	at org.jenkinsci.plugins.pipeline.modeldefinition.ModelInterpreter.withCredentialsBlock(ModelInterpreter.groovy:483)
	at org.jenkinsci.plugins.pipeline.modeldefinition.ModelInterpreter.evaluateStage(ModelInterpreter.groovy:277)
	at org.jenkinsci.plugins.pipeline.modeldefinition.ModelInterpreter.inDeclarativeAgent(ModelInterpreter.groovy:588)
	at org.jenkinsci.plugins.pipeline.modeldefinition.ModelInterpreter.inDeclarativeAgent(ModelInterpreter.groovy:587)
	at org.jenkinsci.plugins.pipeline.modeldefinition.ModelInterpreter.evaluateStage(ModelInterpreter.groovy:275)
	at org.jenkinsci.plugins.pipeline.modeldefinition.ModelInterpreter.stageInput(ModelInterpreter.groovy:359)
	at org.jenkinsci.plugins.pipeline.modeldefinition.ModelInterpreter.stageInput(ModelInterpreter.groovy:358)
	at org.jenkinsci.plugins.pipeline.modeldefinition.ModelInterpreter.evaluateStage(ModelInterpreter.groovy:264)
	at org.jenkinsci.plugins.pipeline.modeldefinition.ModelInterpreter.inWrappers(ModelInterpreter.groovy:615)
	at org.jenkinsci.plugins.pipeline.modeldefinition.ModelInterpreter.inWrappers(ModelInterpreter.groovy:614)
	at org.jenkinsci.plugins.pipeline.modeldefinition.ModelInterpreter.evaluateStage(ModelInterpreter.groovy:262)
	at org.jenkinsci.plugins.pipeline.modeldefinition.ModelInterpreter.withEnvBlock(ModelInterpreter.groovy:446)
	at org.jenkinsci.plugins.pipeline.modeldefinition.ModelInterpreter.withEnvBlock(ModelInterpreter.groovy:445)
	at org.jenkinsci.plugins.pipeline.modeldefinition.ModelInterpreter.evaluateStage(ModelInterpreter.groovy:257)
	at ___cps.transform___(Native Method)
	at com.cloudbees.groovy.cps.impl.ContinuationGroup.methodCall(ContinuationGroup.java:86)
	at com.cloudbees.groovy.cps.impl.FunctionCallBlock$ContinuationImpl.dispatchOrArg(FunctionCallBlock.java:113)
	at com.cloudbees.groovy.cps.impl.FunctionCallBlock$ContinuationImpl.fixArg(FunctionCallBlock.java:83)
	at sun.reflect.GeneratedMethodAccessor119.invoke(Unknown Source)
	at sun.reflect.DelegatingMethodAccessorImpl.invoke(Unknown Source)
	at java.lang.reflect.Method.invoke(Unknown Source)
	at com.cloudbees.groovy.cps.impl.ContinuationPtr$ContinuationImpl.receive(ContinuationPtr.java:72)
	at com.cloudbees.groovy.cps.impl.FunctionCallBlock$ContinuationImpl.dispatchOrArg(FunctionCallBlock.java:107)
	at com.cloudbees.groovy.cps.impl.FunctionCallBlock$ContinuationImpl.fixArg(FunctionCallBlock.java:83)
	at sun.reflect.GeneratedMethodAccessor119.invoke(Unknown Source)
	at sun.reflect.DelegatingMethodAccessorImpl.invoke(Unknown Source)
	at java.lang.reflect.Method.invoke(Unknown Source)
	at com.cloudbees.groovy.cps.impl.ContinuationPtr$ContinuationImpl.receive(ContinuationPtr.java:72)
	at com.cloudbees.groovy.cps.impl.ContinuationGroup.methodCall(ContinuationGroup.java:89)
	at com.cloudbees.groovy.cps.impl.FunctionCallBlock$ContinuationImpl.dispatchOrArg(FunctionCallBlock.java:113)
	at com.cloudbees.groovy.cps.impl.FunctionCallBlock$ContinuationImpl.fixArg(FunctionCallBlock.java:83)
	at sun.reflect.GeneratedMethodAccessor119.invoke(Unknown Source)
	at sun.reflect.DelegatingMethodAccessorImpl.invoke(Unknown Source)
	at java.lang.reflect.Method.invoke(Unknown Source)
	at com.cloudbees.groovy.cps.impl.ContinuationPtr$ContinuationImpl.receive(ContinuationPtr.java:72)
	at com.cloudbees.groovy.cps.impl.ConstantBlock.eval(ConstantBlock.java:21)
	at com.cloudbees.groovy.cps.Next.step(Next.java:83)
	at com.cloudbees.groovy.cps.Continuable$1.call(Continuable.java:174)
	at com.cloudbees.groovy.cps.Continuable$1.call(Continuable.java:163)
	at org.codehaus.groovy.runtime.GroovyCategorySupport$ThreadCategoryInfo.use(GroovyCategorySupport.java:129)
	at org.codehaus.groovy.runtime.GroovyCategorySupport.use(GroovyCategorySupport.java:268)
	at com.cloudbees.groovy.cps.Continuable.run0(Continuable.java:163)
	at org.jenkinsci.plugins.workflow.cps.SandboxContinuable.access$001(SandboxContinuable.java:18)
	at org.jenkinsci.plugins.workflow.cps.SandboxContinuable.run0(SandboxContinuable.java:51)
	at org.jenkinsci.plugins.workflow.cps.CpsThread.runNextChunk(CpsThread.java:185)
	at org.jenkinsci.plugins.workflow.cps.CpsThreadGroup.run(CpsThreadGroup.java:405)
	at org.jenkinsci.plugins.workflow.cps.CpsThreadGroup.access$400(CpsThreadGroup.java:96)
	at org.jenkinsci.plugins.workflow.cps.CpsThreadGroup$2.call(CpsThreadGroup.java:317)
	at org.jenkinsci.plugins.workflow.cps.CpsThreadGroup$2.call(CpsThreadGroup.java:281)
	at org.jenkinsci.plugins.workflow.cps.CpsVmExecutorService$2.call(CpsVmExecutorService.java:67)
	at java.util.concurrent.FutureTask.run(Unknown Source)
	at hudson.remoting.SingleLaneExecutorService$1.run(SingleLaneExecutorService.java:131)
	at jenkins.util.ContextResettingExecutorService$1.run(ContextResettingExecutorService.java:28)
	at jenkins.security.ImpersonatingExecutorService$1.run(ImpersonatingExecutorService.java:59)
	at java.util.concurrent.Executors$RunnableAdapter.call(Unknown Source)
	at java.util.concurrent.FutureTask.run(Unknown Source)
	at java.util.concurrent.ThreadPoolExecutor.runWorker(Unknown Source)
	at java.util.concurrent.ThreadPoolExecutor$Worker.run(Unknown Source)
	at java.lang.Thread.run(Unknown Source)
Finished: FAILURE